

> @slop-detector/web@0.1.0 build /home/devuser/work/slop-detector/apps/web
> next build

[33m[1mâš [22m[39m Warning: Next.js inferred your workspace root, but it may not be correct.
 We detected multiple lockfiles and selected the directory of /home/devuser/package-lock.json as the root directory.
 To silence this warning, set `turbopack.root` in your Next.js config, or consider removing one of the lockfiles if it's not needed.
   See https://nextjs.org/docs/app/api-reference/config/next-config-js/turbopack#root-directory for more information.
 Detected additional lockfiles: 
   * /home/devuser/work/slop-detector/pnpm-lock.yaml

[1m[38;2;173;127;168mâ–² Next.js 16.1.6[39m[22m (Turbopack)
- Environments: .env.local

[37m[1m [22m[39m Creating an optimized production build ...
[32m[1mâœ“[22m[39m Compiled successfully in 18.6s
[?25l[37m[1m [22m[39m Running TypeScript  [36m.[39m[2K[1G[1A[2K[1G[37m[1m [22m[39m Running TypeScript  [36m..[39m[2K[1G[1A[2K[1G[37m[1m [22m[39m Running TypeScript  [36m...[39m[2K[1G[1A[2K[1G[37m[1m [22m[39m Running TypeScript  [36m.[39m[2K[1G[1A[2K[1G[37m[1m [22m[39m Running TypeScript  [36m..[39m[2K[1G[1A[2K[1G[37m[1m [22m[39m Running TypeScript  [36m...[39m[2K[1G[1A[2K[1G[37m[1m [22m[39m Running TypeScript  [36m.[39m[2K[1G[1A[2K[1G[37m[1m [22m[39m Running TypeScript  [36m..[39m[2K[1G[1A[2K[1G[37m[1m [22m[39m Running TypeScript  [36m...[39m[2K[1G[1A[2K[1G[37m[1m [22m[39m Running TypeScript  [36m.[39m[2K[1G[1A[2K[1G[37m[1m [22m[39m Running TypeScript  [36m..[39m[2K[1G[1A[2K[1G[37m[1m [22m[39m Running TypeScript  [36m...[39m[2K[1G[1A[2K[1G[37m[1m [22m[39m Running TypeScript  [36m.[39m[2K[1G[1A[2K[1G[37m[1m [22m[39m Running TypeScript  [36m..[39m[2K[1G[1A[2K[1G[37m[1m [22m[39m Running TypeScript  [36m...[39m[2K[1G[1A[2K[1G[37m[1m [22m[39m Running TypeScript  [36m.[39m[2K[1G[1A[2K[1G[37m[1m [22m[39m Running TypeScript  [36m..[39m[2K[1G[1A[2K[1G[37m[1m [22m[39m Running TypeScript  [36m...[39m[2K[1G[1A[2K[1G[37m[1m [22m[39m Running TypeScript  [36m.[39m[2K[1G[1A[2K[1G[37m[1m [22m[39m Running TypeScript  [36m..[39m[2K[1G[1A[2K[1G[37m[1m [22m[39m Running TypeScript  [36m...[39m[2K[1G[1A[2K[1G[37m[1m [22m[39m Running TypeScript  [36m.[39m[2K[1G[1A[2K[1G[37m[1m [22m[39m Running TypeScript  [36m..[39m[2K[1G[1A[2K[1G[37m[1m [22m[39m Running TypeScript  [36m...[39m[2K[1G[1A[2K[1G[37m[1m [22m[39m Running TypeScript  [36m.[39m[2K[1G[1A[2K[1G[37m[1m [22m[39m Running TypeScript  [36m..[39m[2K[1G[1A[2K[1G[37m[1m [22m[39m Running TypeScript  [36m...[39m[2K[1G[1A[2K[1G[37m[1m [22m[39m Running TypeScript  [36m.[39m[2K[1G[1A[2K[1G[37m[1m [22m[39m Running TypeScript  [36m..[39m[2K[1G[1A[2K[1G[37m[1m [22m[39m Running TypeScript  [36m...[39m[2K[1G[1A[2K[1G[37m[1m [22m[39m Running TypeScript  [36m.[39m[2K[1G[1A[2K[1G[37m[1m [22m[39m Running TypeScript  [36m..[39m[2K[1G[1A[2K[1G[37m[1m [22m[39m Running TypeScript  [36m...[39m[2K[1G[1A[2K[1G[37m[1m [22m[39m Running TypeScript  [36m.[39m[2K[1G[1A[2K[1G[37m[1m [22m[39m Running TypeScript  [36m..[39m[2K[1G[1A[2K[1G[37m[1m [22m[39m Running TypeScript  [36m...[39m[2K[1G[1A[2K[1G[37m[1m [22m[39m Running TypeScript  [36m.[39m[2K[1G[1A[2K[1G[37m[1m [22m[39m Running TypeScript  [36m..[39m[2K[1G[1A[2K[1G[37m[1m [22m[39m Running TypeScript  [36m...[39m[2K[1G[1A[2K[1G[37m[1m [22m[39m Running TypeScript  [36m.[39m[2K[1G[1A[2K[1G[37m[1m [22m[39m Running TypeScript  [36m..[39m[2K[1G[1A[2K[1G[37m[1m [22m[39m Running TypeScript  [36m...[39m[2K[1G[1A[2K[1G[37m[1m [22m[39m Running TypeScript  [36m.[39m[2K[1G[1A[2K[1G[37m[1m [22m[39m Running TypeScript  [36m..[39m[2K[1G[1A[2K[1G[37m[1m [22m[39m Running TypeScript  [36m...[39m[2K[1G[1A[2K[1G[37m[1m [22m[39m Running TypeScript  [36m.[39m[31mFailed to compile.
[39m
[36m./app/actions.ts[39m:[33m68[39m:[33m33[39m
[31m[1mType error[22m[39m: No overload matches this call.
  Overload 1 of 2, '(projectRef: string, params?: ListProjectRunsQueryParams | undefined, requestOptions?: ApiRequestOptions | undefined): CursorPagePromise<...>', gave the following error.
    Argument of type '{ taskIdentifier: string; status: string[]; limit: number; }' is not assignable to parameter of type 'string'.
  Overload 2 of 2, '(params?: ListRunsQueryParams | undefined, requestOptions?: ApiRequestOptions | undefined): CursorPagePromise<ZodObject<{ env: ZodObject<{ id: ZodString; name: ZodString; user: ZodOptional<...>; }, "strip", ZodTypeAny, { ...; }, { ...; }>; ... 24 more ...; metadata: ZodOptional<...>; }, "strip", ZodTypeAny, { ...; }, { ...; }>>', gave the following error.
    Type '"PENDING"' is not assignable to type '"QUEUED" | "EXECUTING" | "WAITING" | "DELAYED" | "PENDING_VERSION" | "DEQUEUED" | "COMPLETED" | "CANCELED" | "FAILED" | "CRASHED" | "SYSTEM_FAILURE" | "EXPIRED" | "TIMED_OUT"'.

[0m [90m 66 |[39m [36mexport[39m [36masync[39m [36mfunction[39m getActiveTaskCount() {
 [90m 67 |[39m     [36mtry[39m {
[31m[1m>[22m[39m[90m 68 |[39m         [36mconst[39m list [33m=[39m [36mawait[39m runs[33m.[39mlist({
 [90m    |[39m                                 [31m[1m^[22m[39m
 [90m 69 |[39m             taskIdentifier[33m:[39m [32m"ingest.channel"[39m[33m,[39m
 [90m 70 |[39m             status[33m:[39m [[32m"PENDING"[39m[33m,[39m [32m"QUEUED"[39m[33m,[39m [32m"EXECUTING"[39m[33m,[39m [32m"WAITING"[39m[33m,[39m [32m"DELAYED"[39m][33m,[39m
 [90m 71 |[39m             limit[33m:[39m [35m50[39m[33m,[39m[0m
[2K[1G[1A[2K[1G[?25hNext.js build worker exited with code: 1 and signal: null
[?25l [36m.[39m [?25h[41m[30mâ€‰ELIFECYCLEâ€‰[39m[49m [31mCommand failed with exit code 1.[39m
